[new (root-commit) ea332ec] scheduled backup
 226 files changed, 1598019 insertions(+)
 create mode 100644 .gitignore
 create mode 100644 Account/1714449#3/Area 52/Dieyellowy/AddOns.txt
 create mode 100644 Account/1714449#3/Area 52/Toshaman/AddOns.txt
 create mode 100644 Account/1714449#3/Area 52/Toshaman/SavedVariables/Blizzard_ClientSavedVariables.lua
 create mode 100644 Account/1714449#3/Area 52/Toshaman/SavedVariables/Blizzard_TimeManager.lua
 create mode 100644 Account/1714449#3/Area 52/Toshaman/SavedVariables/Details.lua
 create mode 100644 Account/1714449#3/Area 52/Toshaman/SavedVariables/Details_DeathGraphs.lua
 create mode 100644 Account/1714449#3/Area 52/Toshaman/SavedVariables/Details_EncounterDetails.lua
 create mode 100644 Account/1714449#3/Area 52/Toshaman/SavedVariables/Details_Vanguard.lua
 create mode 100644 Account/1714449#3/Area 52/Toshaman/SavedVariables/EasyScrap.lua
 create mode 100644 Account/1714449#3/Area 52/Toshaman/SavedVariables/EssenceSetManager.lua
 create mode 100644 Account/1714449#3/Area 52/Toshaman/SavedVariables/Plater.lua
 create mode 100644 Account/1714449#3/Area 52/Toshaman/SavedVariables/Prat-3.0.lua
 create mode 100644 Account/1714449#3/Area 52/Toshaman/SavedVariables/REFlex.lua
 create mode 100644 Account/1714449#3/Area 52/Toshaman/SavedVariables/Scrap.lua
 create mode 100644 Account/1714449#3/Area 52/Toshaman/SavedVariables/TalentSetManager.lua
 create mode 100644 Account/1714449#3/Area 52/Toshaman/SavedVariables/TellMeWhen.lua
 create mode 100644 Account/1714449#3/Area 52/Toshaman/SavedVariables/WorldQuestTracker.lua
 create mode 100644 Account/1714449#3/Area 52/Toshaman/cache.md5
 create mode 100644 Account/1714449#3/Area 52/Toshaman/chat-cache.txt
 create mode 100644 Account/1714449#3/Area 52/Toshaman/config-cache.old
 create mode 100644 Account/1714449#3/Area 52/Toshaman/config-cache.wtf
 create mode 100644 Account/1714449#3/Area 52/Toshaman/layout-local.txt
 create mode 100644 Account/1714449#3/Area 52/Toshaman/macros-cache.txt
 create mode 100644 Account/1714449#3/Area 52/Toshpriest/AddOns.txt
 create mode 100644 Account/1714449#3/Area 52/Toshpriest/SavedVariables/Blizzard_AuctionHouseUI.lua
 create mode 100644 Account/1714449#3/Area 52/Toshpriest/SavedVariables/Blizzard_ClientSavedVariables.lua
 create mode 100644 Account/1714449#3/Area 52/Toshpriest/SavedVariables/Blizzard_Communities.lua
 create mode 100644 Account/1714449#3/Area 52/Toshpriest/SavedVariables/Blizzard_RaidUI.lua
 create mode 100644 Account/1714449#3/Area 52/Toshpriest/SavedVariables/Blizzard_TimeManager.lua
 create mode 100644 Account/1714449#3/Area 52/Toshpriest/SavedVariables/Details.lua
 create mode 100644 Account/1714449#3/Area 52/Toshpriest/SavedVariables/Details_DeathGraphs.lua
 create mode 100644 Account/1714449#3/Area 52/Toshpriest/SavedVariables/Details_EncounterDetails.lua
 create mode 100644 Account/1714449#3/Area 52/Toshpriest/SavedVariables/Details_Vanguard.lua
 create mode 100644 Account/1714449#3/Area 52/Toshpriest/SavedVariables/EasyScrap.lua
 create mode 100644 Account/1714449#3/Area 52/Toshpriest/SavedVariables/EssenceSetManager.lua
 create mode 100644 Account/1714449#3/Area 52/Toshpriest/SavedVariables/Plater.lua
 create mode 100644 Account/1714449#3/Area 52/Toshpriest/SavedVariables/Prat-3.0.lua
 create mode 100644 Account/1714449#3/Area 52/Toshpriest/SavedVariables/REFlex.lua
 create mode 100644 Account/1714449#3/Area 52/Toshpriest/SavedVariables/Scrap.lua
 create mode 100644 Account/1714449#3/Area 52/Toshpriest/SavedVariables/TalentSetManager.lua
 create mode 100644 Account/1714449#3/Area 52/Toshpriest/SavedVariables/TellMeWhen.lua
 create mode 100644 Account/1714449#3/Area 52/Toshpriest/SavedVariables/TrufiGCD.lua
 create mode 100644 Account/1714449#3/Area 52/Toshpriest/SavedVariables/WorldQuestTracker.lua
 create mode 100644 Account/1714449#3/Area 52/Toshpriest/cache.md5
 create mode 100644 Account/1714449#3/Area 52/Toshpriest/chat-cache.txt
 create mode 100644 Account/1714449#3/Area 52/Toshpriest/config-cache.old
 create mode 100644 Account/1714449#3/Area 52/Toshpriest/config-cache.wtf
 create mode 100644 Account/1714449#3/Area 52/Toshpriest/layout-local.txt
 create mode 100644 Account/1714449#3/Area 52/Toshpriest/macros-cache.txt
 create mode 100644 Account/1714449#3/Area 52/Toshweaver/AddOns.txt
 create mode 100644 Account/1714449#3/Area 52/Yellowie/AddOns.txt
 create mode 100644 Account/1714449#3/SavedVariables/!BugGrabber.lua
 create mode 100644 Account/1714449#3/SavedVariables/AdiBags.lua
 create mode 100644 Account/1714449#3/SavedVariables/AdiButtonAuras.lua
 create mode 100644 Account/1714449#3/SavedVariables/AdvancedInterfaceOptions.lua
 create mode 100644 Account/1714449#3/SavedVariables/AstralKeys.lua
 create mode 100644 Account/1714449#3/SavedVariables/BigWigs.lua
 create mode 100644 Account/1714449#3/SavedVariables/Blizzard_AuctionHouseUI.lua
 create mode 100644 Account/1714449#3/SavedVariables/Blizzard_CombatLog.lua
 create mode 100644 Account/1714449#3/SavedVariables/BugSack.lua
 create mode 100644 Account/1714449#3/SavedVariables/Clique.lua
 create mode 100644 Account/1714449#3/SavedVariables/ColorPickerPlus.lua
 create mode 100644 Account/1714449#3/SavedVariables/CorruptionTooltips.lua
 create mode 100644 Account/1714449#3/SavedVariables/Details.lua
 create mode 100644 Account/1714449#3/SavedVariables/Details_DataStorage.lua
 create mode 100644 Account/1714449#3/SavedVariables/Details_Streamer.lua
 create mode 100644 Account/1714449#3/SavedVariables/Dominos.lua
 create mode 100644 Account/1714449#3/SavedVariables/EasyScrap.lua
 create mode 100644 Account/1714449#3/SavedVariables/ExRT.lua
 create mode 100644 Account/1714449#3/SavedVariables/Favorites.lua
 create mode 100644 Account/1714449#3/SavedVariables/Gladius.lua
 create mode 100644 Account/1714449#3/SavedVariables/Grid2.lua
 create mode 100644 Account/1714449#3/SavedVariables/Leatrix_Plus.lua
 create mode 100644 Account/1714449#3/SavedVariables/Masque.lua
 create mode 100644 Account/1714449#3/SavedVariables/MethodDungeonTools.lua
 create mode 100644 Account/1714449#3/SavedVariables/MoveAnything.lua
 create mode 100644 Account/1714449#3/SavedVariables/MythicDungeonTools.lua
 create mode 100644 Account/1714449#3/SavedVariables/MythicPlusTimer.lua
 create mode 100644 Account/1714449#3/SavedVariables/ParagonReputation.lua
 create mode 100644 Account/1714449#3/SavedVariables/Plater.lua
 create mode 100644 Account/1714449#3/SavedVariables/Postal.lua
 create mode 100644 Account/1714449#3/SavedVariables/Prat-3.0.lua
 create mode 100644 Account/1714449#3/SavedVariables/Quartz.lua
 create mode 100644 Account/1714449#3/SavedVariables/RaiderIO.lua
 create mode 100644 Account/1714449#3/SavedVariables/SavedInstances.lua
 create mode 100644 Account/1714449#3/SavedVariables/Scrap.lua
 create mode 100644 Account/1714449#3/SavedVariables/SexyMap.lua
 create mode 100644 Account/1714449#3/SavedVariables/ShadowedUnitFrames.lua
 create mode 100644 Account/1714449#3/SavedVariables/Simulationcraft.lua
 create mode 100644 Account/1714449#3/SavedVariables/SpeedyAutoLoot.lua
 create mode 100644 Account/1714449#3/SavedVariables/TalentSetManager.lua
 create mode 100644 Account/1714449#3/SavedVariables/TellMeWhen.lua
 create mode 100644 Account/1714449#3/SavedVariables/TellMeWhen_Options.lua
 create mode 100644 Account/1714449#3/SavedVariables/TrufiGCD.lua
 create mode 100644 Account/1714449#3/SavedVariables/ViragDevTool.lua
 create mode 100644 Account/1714449#3/SavedVariables/WeakAuras.lua
 create mode 100644 Account/1714449#3/SavedVariables/WeakAurasArchive.lua
 create mode 100644 Account/1714449#3/SavedVariables/WeakAurasOptions.lua
 create mode 100644 Account/1714449#3/SavedVariables/WorldQuestTracker.lua
 create mode 100644 Account/1714449#3/SavedVariables/WorldQuestsList.lua
 create mode 100644 Account/1714449#3/SavedVariables/bigdumblootcouncil.lua
 create mode 100644 Account/1714449#3/SavedVariables/ls_Toasts.lua
 create mode 100644 Account/1714449#3/SavedVariables/miirGui.lua
 create mode 100644 Account/1714449#3/bindings-cache.old
 create mode 100644 Account/1714449#3/bindings-cache.wtf
 create mode 100644 Account/1714449#3/cache.md5
 create mode 100644 Account/1714449#3/config-cache.old
 create mode 100644 Account/1714449#3/config-cache.wtf
 create mode 100644 Account/1714449#3/macros-cache.old
 create mode 100644 Account/1714449#3/macros-cache.txt
 create mode 100644 Account/GTOSH4/Area 52/Toshdk/AddOns.txt
 create mode 100644 Account/GTOSH4/Area 52/Toshdruid/AddOns.txt
 create mode 100644 Account/GTOSH4/Area 52/Toshpal/AddOns.txt
 create mode 100644 Account/GTOSH4/Area 52/Toshpal/SavedVariables/Blizzard_ClientSavedVariables.lua
 create mode 100644 Account/GTOSH4/Area 52/Toshpal/SavedVariables/Blizzard_Communities.lua
 create mode 100644 Account/GTOSH4/Area 52/Toshpal/SavedVariables/Blizzard_RaidUI.lua
 create mode 100644 Account/GTOSH4/Area 52/Toshpal/SavedVariables/Blizzard_TimeManager.lua
 create mode 100644 Account/GTOSH4/Area 52/Toshpal/SavedVariables/Details.lua
 create mode 100644 Account/GTOSH4/Area 52/Toshpal/SavedVariables/Details_DeathGraphs.lua
 create mode 100644 Account/GTOSH4/Area 52/Toshpal/SavedVariables/Details_EncounterDetails.lua
 create mode 100644 Account/GTOSH4/Area 52/Toshpal/SavedVariables/Details_Vanguard.lua
 create mode 100644 Account/GTOSH4/Area 52/Toshpal/SavedVariables/EasyScrap.lua
 create mode 100644 Account/GTOSH4/Area 52/Toshpal/SavedVariables/EssenceSetManager.lua
 create mode 100644 Account/GTOSH4/Area 52/Toshpal/SavedVariables/Plater.lua
 create mode 100644 Account/GTOSH4/Area 52/Toshpal/SavedVariables/Prat-3.0.lua
 create mode 100644 Account/GTOSH4/Area 52/Toshpal/SavedVariables/REFlex.lua
 create mode 100644 Account/GTOSH4/Area 52/Toshpal/SavedVariables/Scrap.lua
 create mode 100644 Account/GTOSH4/Area 52/Toshpal/SavedVariables/TalentSetManager.lua
 create mode 100644 Account/GTOSH4/Area 52/Toshpal/SavedVariables/TellMeWhen.lua
 create mode 100644 Account/GTOSH4/Area 52/Toshpal/SavedVariables/TrufiGCD.lua
 create mode 100644 Account/GTOSH4/Area 52/Toshpal/SavedVariables/WorldQuestTracker.lua
 create mode 100644 Account/GTOSH4/Area 52/Toshpal/bindings-cache.wtf
 create mode 100644 Account/GTOSH4/Area 52/Toshpal/cache.md5
 create mode 100644 Account/GTOSH4/Area 52/Toshpal/chat-cache.txt
 create mode 100644 Account/GTOSH4/Area 52/Toshpal/config-cache.old
 create mode 100644 Account/GTOSH4/Area 52/Toshpal/config-cache.wtf
 create mode 100644 Account/GTOSH4/Area 52/Toshpal/layout-local.txt
 create mode 100644 Account/GTOSH4/Area 52/Toshpal/macros-cache.txt
 create mode 100644 Account/GTOSH4/Area 52/Yellowwy/AddOns.txt
 create mode 100644 Account/GTOSH4/Area 52/Yelluwuy/AddOns.txt
 create mode 100644 Account/GTOSH4/Kil'jaeden/Toshdk/AddOns.txt
 create mode 100644 Account/GTOSH4/Kil'jaeden/Toshdk/SavedVariables/Blizzard_ClientSavedVariables.lua
 create mode 100644 Account/GTOSH4/Kil'jaeden/Toshdk/SavedVariables/Blizzard_TimeManager.lua
 create mode 100644 Account/GTOSH4/Kil'jaeden/Toshdk/SavedVariables/Details.lua
 create mode 100644 Account/GTOSH4/Kil'jaeden/Toshdk/SavedVariables/Details_DeathGraphs.lua
 create mode 100644 Account/GTOSH4/Kil'jaeden/Toshdk/SavedVariables/Details_EncounterDetails.lua
 create mode 100644 Account/GTOSH4/Kil'jaeden/Toshdk/SavedVariables/Details_Vanguard.lua
 create mode 100644 Account/GTOSH4/Kil'jaeden/Toshdk/SavedVariables/EasyScrap.lua
 create mode 100644 Account/GTOSH4/Kil'jaeden/Toshdk/SavedVariables/EssenceSetManager.lua
 create mode 100644 Account/GTOSH4/Kil'jaeden/Toshdk/SavedVariables/Plater.lua
 create mode 100644 Account/GTOSH4/Kil'jaeden/Toshdk/SavedVariables/Prat-3.0.lua
 create mode 100644 Account/GTOSH4/Kil'jaeden/Toshdk/SavedVariables/REFlex.lua
 create mode 100644 Account/GTOSH4/Kil'jaeden/Toshdk/SavedVariables/Scrap.lua
 create mode 100644 Account/GTOSH4/Kil'jaeden/Toshdk/SavedVariables/TalentSetManager.lua
 create mode 100644 Account/GTOSH4/Kil'jaeden/Toshdk/SavedVariables/TellMeWhen.lua
 create mode 100644 Account/GTOSH4/Kil'jaeden/Toshdk/SavedVariables/WorldQuestTracker.lua
 create mode 100644 Account/GTOSH4/Kil'jaeden/Toshdk/cache.md5
 create mode 100644 Account/GTOSH4/Kil'jaeden/Toshdk/chat-cache.txt
 create mode 100644 Account/GTOSH4/Kil'jaeden/Toshdk/config-cache.old
 create mode 100644 Account/GTOSH4/Kil'jaeden/Toshdk/config-cache.wtf
 create mode 100644 Account/GTOSH4/Kil'jaeden/Toshdk/layout-local.txt
 create mode 100644 Account/GTOSH4/Kil'jaeden/Toshdk/macros-cache.txt
 create mode 100644 Account/GTOSH4/Kil'jaeden/Toshwar/AddOns.txt
 create mode 100644 Account/GTOSH4/Kil'jaeden/Tosku/AddOns.txt
 create mode 100644 Account/GTOSH4/Kil'jaeden/Yorman/AddOns.txt
 create mode 100644 Account/GTOSH4/SavedVariables/!BugGrabber.lua
 create mode 100644 Account/GTOSH4/SavedVariables/AdiBags.lua
 create mode 100644 Account/GTOSH4/SavedVariables/AdiButtonAuras.lua
 create mode 100644 Account/GTOSH4/SavedVariables/AdvancedInterfaceOptions.lua
 create mode 100644 Account/GTOSH4/SavedVariables/AstralKeys.lua
 create mode 100644 Account/GTOSH4/SavedVariables/BigWigs.lua
 create mode 100644 Account/GTOSH4/SavedVariables/Blizzard_CombatLog.lua
 create mode 100644 Account/GTOSH4/SavedVariables/BugSack.lua
 create mode 100644 Account/GTOSH4/SavedVariables/Clique.lua
 create mode 100644 Account/GTOSH4/SavedVariables/ColorPickerPlus.lua
 create mode 100644 Account/GTOSH4/SavedVariables/CorruptionTooltips.lua
 create mode 100644 Account/GTOSH4/SavedVariables/Details.lua
 create mode 100644 Account/GTOSH4/SavedVariables/Details_DataStorage.lua
 create mode 100644 Account/GTOSH4/SavedVariables/Details_Streamer.lua
 create mode 100644 Account/GTOSH4/SavedVariables/Dominos.lua
 create mode 100644 Account/GTOSH4/SavedVariables/EasyScrap.lua
 create mode 100644 Account/GTOSH4/SavedVariables/ExRT.lua
 create mode 100644 Account/GTOSH4/SavedVariables/Favorites.lua
 create mode 100644 Account/GTOSH4/SavedVariables/Gladius.lua
 create mode 100644 Account/GTOSH4/SavedVariables/Grid2.lua
 create mode 100644 Account/GTOSH4/SavedVariables/Leatrix_Plus.lua
 create mode 100644 Account/GTOSH4/SavedVariables/Masque.lua
 create mode 100644 Account/GTOSH4/SavedVariables/MethodDungeonTools.lua
 create mode 100644 Account/GTOSH4/SavedVariables/MoveAnything.lua
 create mode 100644 Account/GTOSH4/SavedVariables/MythicDungeonTools.lua
 create mode 100644 Account/GTOSH4/SavedVariables/MythicPlusTimer.lua
 create mode 100644 Account/GTOSH4/SavedVariables/ParagonReputation.lua
 create mode 100644 Account/GTOSH4/SavedVariables/Plater.lua
 create mode 100644 Account/GTOSH4/SavedVariables/Postal.lua
 create mode 100644 Account/GTOSH4/SavedVariables/Prat-3.0.lua
 create mode 100644 Account/GTOSH4/SavedVariables/Quartz.lua
 create mode 100644 Account/GTOSH4/SavedVariables/RaiderIO.lua
 create mode 100644 Account/GTOSH4/SavedVariables/SavedInstances.lua
 create mode 100644 Account/GTOSH4/SavedVariables/Scrap.lua
 create mode 100644 Account/GTOSH4/SavedVariables/SexyMap.lua
 create mode 100644 Account/GTOSH4/SavedVariables/ShadowedUnitFrames.lua
 create mode 100644 Account/GTOSH4/SavedVariables/Simulationcraft.lua
 create mode 100644 Account/GTOSH4/SavedVariables/SpeedyAutoLoot.lua
 create mode 100644 Account/GTOSH4/SavedVariables/TalentSetManager.lua
 create mode 100644 Account/GTOSH4/SavedVariables/TellMeWhen.lua
 create mode 100644 Account/GTOSH4/SavedVariables/TellMeWhen_Options.lua
 create mode 100644 Account/GTOSH4/SavedVariables/TrufiGCD.lua
 create mode 100644 Account/GTOSH4/SavedVariables/ViragDevTool.lua
 create mode 100644 Account/GTOSH4/SavedVariables/WeakAuras.lua
 create mode 100644 Account/GTOSH4/SavedVariables/WeakAurasOptions.lua
 create mode 100644 Account/GTOSH4/SavedVariables/WorldQuestTracker.lua
 create mode 100644 Account/GTOSH4/SavedVariables/WorldQuestsList.lua
 create mode 100644 Account/GTOSH4/SavedVariables/bigdumblootcouncil.lua
 create mode 100644 Account/GTOSH4/SavedVariables/ls_Toasts.lua
 create mode 100644 Account/GTOSH4/SavedVariables/miirGui.lua
 create mode 100644 Account/GTOSH4/bindings-cache.old
 create mode 100644 Account/GTOSH4/bindings-cache.wtf
 create mode 100644 Account/GTOSH4/cache.md5
 create mode 100644 Account/GTOSH4/config-cache.old
 create mode 100644 Account/GTOSH4/config-cache.wtf
 create mode 100644 Account/GTOSH4/macros-cache.txt
 create mode 100644 Config.wtf
 create mode 100644 SavedVariables/Blizzard_Console.lua
 create mode 100644 backup.log
 create mode 100644 backup.sh
